<?xml version="1.0" encoding="UTF-8" ?>
<testsuite failures="4" time="0.397" errors="0" skipped="0" tests="4" name="com.renault.tools.synchronization.config.webapp.resources.SynchronizationConfigWebappTest">
  <properties>
[...]
</properties>
  <testcase time="0.12" classname="com.renault.tools.synchronization.config.webapp.resources.SynchronizationConfigWebappTest" name="should_dacia_backoffice_configurations_synchronized">
    <failure type="java.lang.AssertionError:">java.lang.AssertionError: 
	at org.junit.Assert.fail(Assert.java:91)
	at org.junit.Assert.assertTrue(Assert.java:43)
	at org.junit.Assert.assertTrue(Assert.java:54)
	at com.renault.tools.synchronization.config.webapp.resources.SynchronizationConfigWebappTest.should_dacia_backoffice_configurations_synchronized(SynchronizationConfigWebappTest.java:46)
	at sun.reflect.NativeMethodAccessorImpl.invoke0(Native Method)
	at sun.reflect.NativeMethodAccessorImpl.invoke(NativeMethodAccessorImpl.java:39)
	at sun.reflect.DelegatingMethodAccessorImpl.invoke(DelegatingMethodAccessorImpl.java:25)
	at java.lang.reflect.Method.invoke(Method.java:597)
	at org.junit.runners.model.FrameworkMethod$1.runReflectiveCall(FrameworkMethod.java:44)
	at org.junit.internal.runners.model.ReflectiveCallable.run(ReflectiveCallable.java:15)
	at org.junit.runners.model.FrameworkMethod.invokeExplosively(FrameworkMethod.java:41)
	at org.junit.internal.runners.statements.InvokeMethod.evaluate(InvokeMethod.java:20)
	at org.junit.runners.BlockJUnit4ClassRunner.runNotIgnored(BlockJUnit4ClassRunner.java:79)
	at org.junit.runners.BlockJUnit4ClassRunner.runChild(BlockJUnit4ClassRunner.java:71)
	at org.junit.runners.BlockJUnit4ClassRunner.runChild(BlockJUnit4ClassRunner.java:49)
	at org.junit.runners.ParentRunner$3.run(ParentRunner.java:193)
	at org.junit.runners.ParentRunner$1.schedule(ParentRunner.java:52)
	at org.junit.runners.ParentRunner.runChildren(ParentRunner.java:191)
	at org.junit.runners.ParentRunner.access$000(ParentRunner.java:42)
	at org.junit.runners.ParentRunner$2.evaluate(ParentRunner.java:184)
	at org.junit.internal.runners.statements.RunBefores.evaluate(RunBefores.java:28)
	at org.junit.runners.ParentRunner.run(ParentRunner.java:236)
	at org.apache.maven.surefire.junit4.JUnit4TestSet.execute(JUnit4TestSet.java:53)
	at org.apache.maven.surefire.junit4.JUnit4Provider.executeTestSet(JUnit4Provider.java:123)
	at org.apache.maven.surefire.junit4.JUnit4Provider.invoke(JUnit4Provider.java:104)
	at sun.reflect.NativeMethodAccessorImpl.invoke0(Native Method)
	at sun.reflect.NativeMethodAccessorImpl.invoke(NativeMethodAccessorImpl.java:39)
	at sun.reflect.DelegatingMethodAccessorImpl.invoke(DelegatingMethodAccessorImpl.java:25)
	at java.lang.reflect.Method.invoke(Method.java:597)
	at org.apache.maven.surefire.util.ReflectionUtils.invokeMethodWithArray(ReflectionUtils.java:164)
	at org.apache.maven.surefire.booter.ProviderFactory$ProviderProxy.invoke(ProviderFactory.java:110)
	at org.apache.maven.surefire.booter.SurefireStarter.invokeProvider(SurefireStarter.java:175)
	at org.apache.maven.surefire.booter.SurefireStarter.runSuitesInProcessWhenForked(SurefireStarter.java:107)
	at org.apache.maven.surefire.booter.ForkedBooter.main(ForkedBooter.java:68)
</failure>
    <system-out>================ DACIA BACKOFFICE ================
------- dacia-tr VS. dacia-fr -------
File properties : renault-integ.properties
	- Properties not found in renault-integ.properties but found in reference file :
		esc.offers.picture.prod.path
		esc.offers.picture.bo.path
		esc.offers.publish.prodhosts
		esc.offers.picture.preprod.path
		esc.offers.publish.preprodhosts
	File properties renault-dev.properties not found.
File properties : dacia-integ.properties
	+ Properties found in dacia-integ.properties but not found in reference file :
		c2g.prodbackgroundStart
	- Properties not found in dacia-integ.properties but found in reference file :
		esc.offers.picture.prod.path
		esc.offers.picture.bo.path
		esc.offers.publish.prodhosts
		esc.offers.picture.preprod.path
		esc.offers.publish.preprodhosts
File properties : dacia-dev.properties
	+ Properties found in dacia-dev.properties but not found in reference file :
		c2g.prodbackgroundStart
	- Properties not found in dacia-dev.properties but found in reference file :
		esc.offers.picture.preprod.path
		esc.offers.picture.prod.path
		esc.offers.picture.bo.path
		esc.offers.publish.prodhosts
		esc.offers.publish.preprodhosts
File properties : jetty.properties
	+ Properties found in jetty.properties but not found in reference file :
		docbase
	- Properties not found in jetty.properties but found in reference file :
		esc.offers.picture.prod.path
		esc.offers.picture.bo.path
		esc.offers.publish.prodhosts
		esc.offers.picture.preprod.path
		esc.offers.publish.preprodhosts
File properties : admin-ren.properties
	+ Properties found in admin-ren.properties but not found in reference file :
		vo.backoffice.log.file.link
		cms_dirs
		vo.backoffice.csv.file.link
		vo.export.directory
	- Properties not found in admin-ren.properties but found in reference file :
		esc.offers.picture.preprod.path
		esc.offers.picture.prod.path
		esc.offers.picture.bo.path
		esc.offers.publish.prodhosts
		esc.offers.publish.preprodhosts
File properties : admin-valid-ren.properties
	+ Properties found in admin-valid-ren.properties but not found in reference file :
		vo.backoffice.log.file.link
		cms_dirs
		vo.backoffice.csv.file.link
		vo.export.directory
	- Properties not found in admin-valid-ren.properties but found in reference file :
		esc.offers.picture.prod.path
		esc.offers.picture.bo.path
		esc.offers.publish.prodhosts
		esc.offers.picture.preprod.path
		esc.offers.publish.preprodhosts
------- dacia-si VS. dacia-fr -------
File properties : renault-integ.properties
	- Properties not found in renault-integ.properties but found in reference file :
		esc.offers.picture.prod.path
		esc.offers.picture.bo.path
		esc.offers.publish.prodhosts
		esc.offers.picture.preprod.path
		esc.offers.publish.preprodhosts
File properties : renault-dev.properties
	- Properties not found in renault-dev.properties but found in reference file :
		esc.offers.picture.prod.path
		esc.offers.picture.bo.path
		esc.offers.publish.prodhosts
		esc.offers.picture.preprod.path
		esc.offers.publish.preprodhosts
File properties : dacia-integ.properties
	+ Properties found in dacia-integ.properties but not found in reference file :
		c2g.prodbackgroundStart
	- Properties not found in dacia-integ.properties but found in reference file :
		esc.offers.picture.prod.path
		esc.offers.picture.bo.path
		esc.offers.publish.prodhosts
		esc.offers.picture.preprod.path
		esc.offers.publish.preprodhosts
File properties : dacia-dev.properties
	+ Properties found in dacia-dev.properties but not found in reference file :
		c2g.prodbackgroundStart
	- Properties not found in dacia-dev.properties but found in reference file :
		esc.offers.picture.preprod.path
		esc.multimedia.files.prod.path
		esc.offers.picture.prod.path
		esc.offers.picture.bo.path
		esc.offers.publish.prodhosts
		esc.offers.publish.preprodhosts
		esc.multimedia.files.preprod.path
File properties : jetty.properties
	- Properties not found in jetty.properties but found in reference file :
		esc.offers.picture.prod.path
		esc.offers.picture.bo.path
		esc.offers.publish.prodhosts
		esc.offers.picture.preprod.path
		esc.offers.publish.preprodhosts
File properties : admin-ren.properties
	- Properties not found in admin-ren.properties but found in reference file :
		esc.offers.picture.preprod.path
		esc.offers.picture.prod.path
		esc.offers.picture.bo.path
		esc.offers.publish.prodhosts
		esc.offers.publish.preprodhosts
File properties : admin-valid-ren.properties
	- Properties not found in admin-valid-ren.properties but found in reference file :
		esc.offers.picture.prod.path
		esc.offers.picture.bo.path
		esc.offers.publish.prodhosts
		esc.offers.picture.preprod.path
		esc.offers.publish.preprodhosts
------- dacia-at VS. dacia-fr -------
File properties : renault-integ.properties
	- Properties not found in renault-integ.properties but found in reference file :
		esc.offers.picture.prod.path
		esc.offers.picture.bo.path
		esc.offers.publish.prodhosts
		esc.offers.picture.preprod.path
		esc.offers.publish.preprodhosts
File properties : renault-dev.properties
	- Properties not found in renault-dev.properties but found in reference file :
		esc.offers.picture.prod.path
		esc.offers.picture.bo.path
		esc.offers.publish.prodhosts
		esc.offers.picture.preprod.path
		esc.offers.publish.preprodhosts
File properties : dacia-integ.properties
	+ Properties found in dacia-integ.properties but not found in reference file :
		c2g.prodbackgroundStart
	- Properties not found in dacia-integ.properties but found in reference file :
		esc.offers.picture.prod.path
		esc.offers.picture.bo.path
		esc.offers.publish.prodhosts
		esc.offers.picture.preprod.path
		esc.offers.publish.preprodhosts
File properties : dacia-dev.properties
	+ Properties found in dacia-dev.properties but not found in reference file :
		c2g.prodbackgroundStart
	- Properties not found in dacia-dev.properties but found in reference file :
		esc.offers.picture.preprod.path
		esc.multimedia.files.prod.path
		esc.offers.picture.prod.path
		esc.offers.picture.bo.path
		esc.offers.publish.prodhosts
		esc.offers.publish.preprodhosts
		esc.multimedia.files.preprod.path
File properties : jetty.properties
	- Properties not found in jetty.properties but found in reference file :
		esc.offers.picture.prod.path
		esc.offers.picture.bo.path
		esc.offers.publish.prodhosts
		esc.offers.picture.preprod.path
		esc.offers.publish.preprodhosts
File properties : admin-ren.properties
	- Properties not found in admin-ren.properties but found in reference file :
		esc.offers.picture.preprod.path
		esc.offers.picture.prod.path
		esc.offers.picture.bo.path
		esc.offers.publish.prodhosts
		esc.offers.publish.preprodhosts
File properties : admin-valid-ren.properties
	- Properties not found in admin-valid-ren.properties but found in reference file :
		esc.offers.picture.prod.path
		esc.offers.picture.bo.path
		esc.offers.publish.prodhosts
		esc.offers.picture.preprod.path
		esc.offers.publish.preprodhosts
------- dacia-lu VS. dacia-fr -------
File properties : renault-integ.properties
	- Properties not found in renault-integ.properties but found in reference file :
		esc.offers.picture.prod.path
		esc.offers.picture.bo.path
		esc.offers.publish.prodhosts
		esc.offers.picture.preprod.path
		esc.offers.publish.preprodhosts
File properties : renault-dev.properties
	- Properties not found in renault-dev.properties but found in reference file :
		esc.offers.picture.prod.path
		esc.offers.picture.bo.path
		esc.offers.publish.prodhosts
		esc.offers.picture.preprod.path
		esc.offers.publish.preprodhosts
File properties : dacia-integ.properties
	+ Properties found in dacia-integ.properties but not found in reference file :
		c2g.prodbackgroundStart
	- Properties not found in dacia-integ.properties but found in reference file :
		esc.offers.picture.prod.path
		esc.offers.picture.bo.path
		esc.offers.publish.prodhosts
		esc.offers.picture.preprod.path
		esc.offers.publish.preprodhosts
File properties : dacia-dev.properties
	+ Properties found in dacia-dev.properties but not found in reference file :
		c2g.prodbackgroundStart
	- Properties not found in dacia-dev.properties but found in reference file :
		esc.offers.picture.preprod.path
		esc.multimedia.files.prod.path
		esc.offers.picture.prod.path
		esc.offers.picture.bo.path
		esc.offers.publish.prodhosts
		esc.offers.publish.preprodhosts
		esc.multimedia.files.preprod.path
File properties : jetty.properties
	- Properties not found in jetty.properties but found in reference file :
		esc.offers.picture.prod.path
		esc.offers.picture.bo.path
		esc.offers.publish.prodhosts
		esc.offers.picture.preprod.path
		esc.offers.publish.preprodhosts
File properties : admin-ren.properties
	- Properties not found in admin-ren.properties but found in reference file :
		esc.offers.picture.preprod.path
		esc.offers.picture.prod.path
		esc.offers.picture.bo.path
		esc.offers.publish.prodhosts
		esc.offers.publish.preprodhosts
File properties : admin-valid-ren.properties
	- Properties not found in admin-valid-ren.properties but found in reference file :
		esc.offers.picture.prod.path
		esc.offers.picture.bo.path
		esc.offers.publish.prodhosts
		esc.offers.picture.preprod.path
		esc.offers.publish.preprodhosts
------- dacia-sk VS. dacia-fr -------
File properties : renault-integ.properties
	- Properties not found in renault-integ.properties but found in reference file :
		esc.offers.picture.prod.path
		esc.offers.picture.bo.path
		esc.offers.publish.prodhosts
		esc.offers.picture.preprod.path
		esc.offers.publish.preprodhosts
File properties : renault-dev.properties
	- Properties not found in renault-dev.properties but found in reference file :
		esc.offers.picture.prod.path
		esc.offers.picture.bo.path
		esc.offers.publish.prodhosts
		esc.offers.picture.preprod.path
		esc.offers.publish.preprodhosts
File properties : dacia-integ.properties
	+ Properties found in dacia-integ.properties but not found in reference file :
		c2g.prodbackgroundStart
	- Properties not found in dacia-integ.properties but found in reference file :
		esc.offers.picture.prod.path
		esc.offers.picture.bo.path
		esc.offers.publish.prodhosts
		esc.offers.picture.preprod.path
		esc.offers.publish.preprodhosts
File properties : dacia-dev.properties
	+ Properties found in dacia-dev.properties but not found in reference file :
		c2g.prodbackgroundStart
	- Properties not found in dacia-dev.properties but found in reference file :
		esc.offers.picture.preprod.path
		esc.multimedia.files.prod.path
		esc.offers.picture.prod.path
		esc.offers.picture.bo.path
		esc.offers.publish.prodhosts
		esc.offers.publish.preprodhosts
		esc.multimedia.files.preprod.path
File properties : jetty.properties
	- Properties not found in jetty.properties but found in reference file :
		esc.offers.picture.prod.path
		esc.offers.picture.bo.path
		esc.offers.publish.prodhosts
		esc.offers.picture.preprod.path
		esc.offers.publish.preprodhosts
File properties : admin-ren.properties
	- Properties not found in admin-ren.properties but found in reference file :
		esc.offers.picture.preprod.path
		esc.offers.picture.prod.path
		esc.offers.picture.bo.path
		esc.offers.publish.prodhosts
		esc.offers.publish.preprodhosts
File properties : admin-valid-ren.properties
	- Properties not found in admin-valid-ren.properties but found in reference file :
		esc.offers.picture.prod.path
		esc.offers.picture.bo.path
		esc.offers.publish.prodhosts
		esc.offers.picture.preprod.path
		esc.offers.publish.preprodhosts
------- dacia-master VS. dacia-fr -------
File properties : renault-integ.properties
	- Properties not found in renault-integ.properties but found in reference file :
		esc.offers.picture.prod.path
		esc.offers.picture.bo.path
		esc.offers.publish.prodhosts
		esc.offers.picture.preprod.path
		esc.offers.publish.preprodhosts
File properties : renault-dev.properties
	- Properties not found in renault-dev.properties but found in reference file :
		esc.offers.picture.prod.path
		esc.offers.picture.bo.path
		esc.offers.publish.prodhosts
		esc.offers.picture.preprod.path
		esc.offers.publish.preprodhosts
File properties : dacia-integ.properties
	+ Properties found in dacia-integ.properties but not found in reference file :
		c2g.prodbackgroundStart
	- Properties not found in dacia-integ.properties but found in reference file :
		esc.offers.picture.prod.path
		esc.offers.picture.bo.path
		esc.offers.publish.prodhosts
		esc.offers.picture.preprod.path
		esc.offers.publish.preprodhosts
File properties : dacia-dev.properties
	+ Properties found in dacia-dev.properties but not found in reference file :
		c2g.prodbackgroundStart
	- Properties not found in dacia-dev.properties but found in reference file :
		esc.offers.picture.preprod.path
		esc.multimedia.files.prod.path
		esc.offers.picture.prod.path
		esc.offers.picture.bo.path
		esc.offers.publish.prodhosts
		esc.offers.publish.preprodhosts
		esc.multimedia.files.preprod.path
File properties : jetty.properties
	- Properties not found in jetty.properties but found in reference file :
		esc.offers.picture.prod.path
		esc.offers.picture.bo.path
		esc.offers.publish.prodhosts
		esc.offers.picture.preprod.path
		esc.offers.publish.preprodhosts
File properties : admin-ren.properties
	- Properties not found in admin-ren.properties but found in reference file :
		esc.offers.picture.preprod.path
		esc.offers.picture.prod.path
		esc.offers.picture.bo.path
		esc.offers.publish.prodhosts
		esc.offers.publish.preprodhosts
File properties : admin-valid-ren.properties
	- Properties not found in admin-valid-ren.properties but found in reference file :
		esc.offers.picture.prod.path
		esc.offers.picture.bo.path
		esc.offers.publish.prodhosts
		esc.offers.picture.preprod.path
		esc.offers.publish.preprodhosts
------- dacia-central VS. dacia-fr -------
File properties : renault-integ.properties
	- Properties not found in renault-integ.properties but found in reference file :
		leadforms.publish.repositorypath
		esc.offers.picture.prod.path
		esc.offers.picture.bo.path
		c2g.prodbackgroundStart
		leadforms.publish.preprodPath
		esc.offers.publish.prodhosts
		leadforms.publish.prodhosts
		esc.offers.picture.preprod.path
		esc.offers.publish.preprodhosts
		leadforms.publish.prodPath
		leadforms.publish.preprodhosts
File properties : renault-dev.properties
	- Properties not found in renault-dev.properties but found in reference file :
		leadforms.publish.repositorypath
		esc.offers.picture.prod.path
		esc.offers.picture.bo.path
		leadforms.publish.preprodPath
		esc.offers.publish.prodhosts
		leadforms.publish.prodhosts
		esc.offers.picture.preprod.path
		esc.offers.publish.preprodhosts
		leadforms.publish.prodPath
		leadforms.publish.preprodhosts
File properties : dacia-integ.properties
	- Properties not found in dacia-integ.properties but found in reference file :
		leadforms.publish.repositorypath
		esc.offers.picture.prod.path
		esc.offers.picture.bo.path
		leadforms.publish.preprodPath
		esc.offers.publish.prodhosts
		leadforms.publish.prodhosts
		esc.offers.picture.preprod.path
		esc.offers.publish.preprodhosts
		leadforms.publish.prodPath
		leadforms.publish.preprodhosts
File properties : dacia-dev.properties
	- Properties not found in dacia-dev.properties but found in reference file :
		esc.offers.picture.preprod.path
		leadforms.publish.prodhosts
		esc.multimedia.files.prod.path
		leadforms.publish.prodPath
		leadforms.publish.repositorypath
		esc.offers.picture.prod.path
		esc.offers.picture.bo.path
		leadforms.publish.preprodPath
		esc.offers.publish.prodhosts
		esc.offers.publish.preprodhosts
		esc.multimedia.files.preprod.path
		leadforms.publish.preprodhosts
File properties : jetty.properties
	+ Properties found in jetty.properties but not found in reference file :
		notificationServices.prod
	- Properties not found in jetty.properties but found in reference file :
		esc.offers.picture.prod.path
		esc.offers.picture.bo.path
		catalina.base
		esc.offers.publish.prodhosts
		esc.offers.picture.preprod.path
		esc.offers.publish.preprodhosts
File properties : admin-ren.properties
	- Properties not found in admin-ren.properties but found in reference file :
		esc.offers.picture.preprod.path
		leadforms.publish.prodhosts
		leadforms.publish.prodPath
		leadforms.publish.repositorypath
		esc.offers.picture.prod.path
		esc.offers.picture.bo.path
		leadforms.publish.preprodPath
		esc.offers.publish.prodhosts
		esc.offers.publish.preprodhosts
		c2g.prodphysicalConnectionsNumber
		leadforms.publish.preprodhosts
File properties : admin-valid-ren.properties
	- Properties not found in admin-valid-ren.properties but found in reference file :
		leadforms.publish.repositorypath
		esc.offers.picture.prod.path
		esc.offers.picture.bo.path
		leadforms.publish.preprodPath
		esc.offers.publish.prodhosts
		leadforms.publish.prodhosts
		esc.offers.picture.preprod.path
		esc.offers.publish.preprodhosts
		leadforms.publish.prodPath
		leadforms.publish.preprodhosts
------- dacia-hu VS. dacia-fr -------
File properties : renault-integ.properties
	- Properties not found in renault-integ.properties but found in reference file :
		esc.offers.picture.prod.path
		esc.offers.picture.bo.path
		esc.offers.publish.prodhosts
		esc.offers.picture.preprod.path
		esc.offers.publish.preprodhosts
File properties : renault-dev.properties
	- Properties not found in renault-dev.properties but found in reference file :
		esc.offers.picture.prod.path
		esc.offers.picture.bo.path
		esc.offers.publish.prodhosts
		esc.offers.picture.preprod.path
		esc.offers.publish.preprodhosts
File properties : dacia-integ.properties
	+ Properties found in dacia-integ.properties but not found in reference file :
		c2g.prodbackgroundStart
	- Properties not found in dacia-integ.properties but found in reference file :
		esc.offers.picture.prod.path
		esc.offers.picture.bo.path
		esc.offers.publish.prodhosts
		esc.offers.picture.preprod.path
		esc.offers.publish.preprodhosts
File properties : dacia-dev.properties
	+ Properties found in dacia-dev.properties but not found in reference file :
		c2g.prodbackgroundStart
	- Properties not found in dacia-dev.properties but found in reference file :
		esc.offers.picture.preprod.path
		esc.multimedia.files.prod.path
		esc.offers.picture.prod.path
		esc.offers.picture.bo.path
		esc.offers.publish.prodhosts
		esc.offers.publish.preprodhosts
		esc.multimedia.files.preprod.path
File properties : jetty.properties
	- Properties not found in jetty.properties but found in reference file :
		esc.offers.picture.prod.path
		esc.offers.picture.bo.path
		esc.offers.publish.prodhosts
		esc.offers.picture.preprod.path
		esc.offers.publish.preprodhosts
File properties : admin-ren.properties
	- Properties not found in admin-ren.properties but found in reference file :
		esc.offers.picture.preprod.path
		esc.offers.picture.prod.path
		esc.offers.picture.bo.path
		esc.offers.publish.prodhosts
		esc.offers.publish.preprodhosts
File properties : admin-valid-ren.properties
	- Properties not found in admin-valid-ren.properties but found in reference file :
		esc.offers.picture.prod.path
		esc.offers.picture.bo.path
		esc.offers.publish.prodhosts
		esc.offers.picture.preprod.path
		esc.offers.publish.preprodhosts
------- dacia-uk VS. dacia-fr -------
File properties : renault-integ.properties
	+ Properties found in renault-integ.properties but not found in reference file :
		cms_dirs
	- Properties not found in renault-integ.properties but found in reference file :
		esc.offers.picture.prod.path
		esc.offers.picture.bo.path
		c2g.prodbackgroundStart
		esc.offers.publish.prodhosts
		esc.offers.picture.preprod.path
		esc.offers.publish.preprodhosts
File properties : renault-dev.properties
	- Properties not found in renault-dev.properties but found in reference file :
		esc.offers.picture.prod.path
		esc.offers.picture.bo.path
		esc.offers.publish.prodhosts
		esc.offers.picture.preprod.path
		esc.offers.publish.preprodhosts
File properties : dacia-integ.properties
	+ Properties found in dacia-integ.properties but not found in reference file :
		c2g.prodbackgroundStart
File properties : dacia-dev.properties
	+ Properties found in dacia-dev.properties but not found in reference file :
		c2g.prodbackgroundStart
File properties : jetty.properties
File properties : admin-ren.properties
	+ Properties found in admin-ren.properties but not found in reference file :
		vo.backoffice.log.file.link
		cms_dirs
		vo.backoffice.csv.file.link
File properties : admin-valid-ren.properties
	+ Properties found in admin-valid-ren.properties but not found in reference file :
		vo.backoffice.log.file.link
		cms_dirs
		vo.backoffice.csv.file.link
------- dacia-pl VS. dacia-fr -------
File properties : renault-integ.properties
File properties : renault-dev.properties
File properties : dacia-integ.properties
	+ Properties found in dacia-integ.properties but not found in reference file :
		c2g.prodbackgroundStart
File properties : dacia-dev.properties
	+ Properties found in dacia-dev.properties but not found in reference file :
		c2g.prodbackgroundStart
File properties : jetty.properties
File properties : admin-ren.properties
File properties : admin-valid-ren.properties
------- dacia-cz VS. dacia-fr -------
File properties : renault-integ.properties
	- Properties not found in renault-integ.properties but found in reference file :
		esc.offers.picture.prod.path
		esc.offers.picture.bo.path
		esc.offers.publish.prodhosts
		esc.offers.picture.preprod.path
		esc.offers.publish.preprodhosts
File properties : renault-dev.properties
	- Properties not found in renault-dev.properties but found in reference file :
		esc.offers.picture.prod.path
		esc.offers.picture.bo.path
		esc.offers.publish.prodhosts
		esc.offers.picture.preprod.path
		esc.offers.publish.preprodhosts
File properties : dacia-integ.properties
	- Properties not found in dacia-integ.properties but found in reference file :
		esc.offers.picture.prod.path
		esc.offers.picture.bo.path
		esc.offers.publish.prodhosts
		esc.offers.picture.preprod.path
		esc.offers.publish.preprodhosts
File properties : dacia-dev.properties
	- Properties not found in dacia-dev.properties but found in reference file :
		esc.offers.picture.preprod.path
		esc.multimedia.files.prod.path
		esc.offers.picture.prod.path
		esc.offers.picture.bo.path
		esc.offers.publish.prodhosts
		esc.offers.publish.preprodhosts
		esc.multimedia.files.preprod.path
File properties : jetty.properties
	- Properties not found in jetty.properties but found in reference file :
		esc.offers.picture.prod.path
		esc.offers.picture.bo.path
		esc.offers.publish.prodhosts
		esc.offers.picture.preprod.path
		esc.offers.publish.preprodhosts
File properties : admin-ren.properties
	- Properties not found in admin-ren.properties but found in reference file :
		esc.offers.picture.preprod.path
		esc.offers.picture.prod.path
		esc.offers.picture.bo.path
		esc.offers.publish.prodhosts
		esc.offers.publish.preprodhosts
File properties : admin-valid-ren.properties
	- Properties not found in admin-valid-ren.properties but found in reference file :
		esc.offers.picture.prod.path
		esc.offers.picture.bo.path
		esc.offers.publish.prodhosts
		esc.offers.picture.preprod.path
		esc.offers.publish.preprodhosts
------- dacia-it VS. dacia-fr -------
File properties : renault-integ.properties
File properties : renault-dev.properties
File properties : dacia-integ.properties
File properties : dacia-dev.properties
	+ Properties found in dacia-dev.properties but not found in reference file :
		cms.prod.path
		cms.path
		cms.preprod.path
File properties : jetty.properties
	+ Properties found in jetty.properties but not found in reference file :
		cimEshopAlias
		cimSecretKey
		cimServiceUrl
File properties : admin-ren.properties
	+ Properties found in admin-ren.properties but not found in reference file :
		cimEshopAlias
		cimSecretKey
File properties : admin-valid-ren.properties
	+ Properties found in admin-valid-ren.properties but not found in reference file :
		cms.prod.path
		cms.path
		cimServiceUrl
		cimEshopAlias
		cms.preprod.path
		cimSecretKey
------- dacia-dz VS. dacia-fr -------
File properties : renault-integ.properties
	- Properties not found in renault-integ.properties but found in reference file :
		esc.offers.picture.prod.path
		esc.offers.picture.bo.path
		esc.offers.publish.prodhosts
		esc.offers.picture.preprod.path
		esc.offers.publish.preprodhosts
File properties : renault-dev.properties
	- Properties not found in renault-dev.properties but found in reference file :
		esc.offers.picture.prod.path
		esc.offers.picture.bo.path
		esc.offers.publish.prodhosts
		esc.offers.picture.preprod.path
		esc.offers.publish.preprodhosts
File properties : dacia-integ.properties
	+ Properties found in dacia-integ.properties but not found in reference file :
		c2g.prodbackgroundStart
	- Properties not found in dacia-integ.properties but found in reference file :
		esc.offers.picture.prod.path
		esc.offers.picture.bo.path
		esc.offers.publish.prodhosts
		esc.offers.picture.preprod.path
		esc.offers.publish.preprodhosts
File properties : dacia-dev.properties
	+ Properties found in dacia-dev.properties but not found in reference file :
		c2g.prodbackgroundStart
	- Properties not found in dacia-dev.properties but found in reference file :
		esc.offers.picture.preprod.path
		esc.multimedia.files.prod.path
		esc.offers.picture.prod.path
		esc.offers.picture.bo.path
		esc.offers.publish.prodhosts
		esc.offers.publish.preprodhosts
		esc.multimedia.files.preprod.path
File properties : jetty.properties
	- Properties not found in jetty.properties but found in reference file :
		esc.offers.picture.prod.path
		esc.offers.picture.bo.path
		esc.offers.publish.prodhosts
		esc.offers.picture.preprod.path
		esc.offers.publish.preprodhosts
File properties : admin-ren.properties
	- Properties not found in admin-ren.properties but found in reference file :
		esc.offers.picture.preprod.path
		esc.offers.picture.prod.path
		esc.offers.picture.bo.path
		esc.offers.publish.prodhosts
		esc.offers.publish.preprodhosts
File properties : admin-valid-ren.properties
	- Properties not found in admin-valid-ren.properties but found in reference file :
		esc.offers.picture.prod.path
		esc.offers.picture.bo.path
		esc.offers.publish.prodhosts
		esc.offers.picture.preprod.path
		esc.offers.publish.preprodhosts
------- dacia-hr VS. dacia-fr -------
File properties : renault-integ.properties
	- Properties not found in renault-integ.properties but found in reference file :
		esc.offers.picture.prod.path
		esc.offers.picture.bo.path
		esc.offers.publish.prodhosts
		esc.offers.picture.preprod.path
		esc.offers.publish.preprodhosts
File properties : renault-dev.properties
	- Properties not found in renault-dev.properties but found in reference file :
		esc.offers.picture.prod.path
		esc.offers.picture.bo.path
		esc.offers.publish.prodhosts
		esc.offers.picture.preprod.path
		esc.offers.publish.preprodhosts
File properties : dacia-integ.properties
	+ Properties found in dacia-integ.properties but not found in reference file :
		c2g.prodbackgroundStart
	- Properties not found in dacia-integ.properties but found in reference file :
		esc.offers.picture.prod.path
		esc.offers.picture.bo.path
		esc.offers.publish.prodhosts
		esc.offers.picture.preprod.path
		esc.offers.publish.preprodhosts
File properties : dacia-dev.properties
	+ Properties found in dacia-dev.properties but not found in reference file :
		c2g.prodbackgroundStart
	- Properties not found in dacia-dev.properties but found in reference file :
		esc.offers.picture.preprod.path
		esc.multimedia.files.prod.path
		esc.offers.picture.prod.path
		esc.offers.picture.bo.path
		esc.offers.publish.prodhosts
		esc.offers.publish.preprodhosts
		esc.multimedia.files.preprod.path
File properties : jetty.properties
	- Properties not found in jetty.properties but found in reference file :
		esc.offers.picture.prod.path
		esc.offers.picture.bo.path
		esc.offers.publish.prodhosts
		esc.offers.picture.preprod.path
		esc.offers.publish.preprodhosts
File properties : admin-ren.properties
	- Properties not found in admin-ren.properties but found in reference file :
		esc.offers.picture.preprod.path
		esc.offers.picture.prod.path
		esc.offers.picture.bo.path
		esc.offers.publish.prodhosts
		esc.offers.publish.preprodhosts
File properties : admin-valid-ren.properties
	- Properties not found in admin-valid-ren.properties but found in reference file :
		esc.offers.picture.prod.path
		esc.offers.picture.bo.path
		esc.offers.publish.prodhosts
		esc.offers.picture.preprod.path
		esc.offers.publish.preprodhosts
------- dacia-ro VS. dacia-fr -------
	File properties renault-integ.properties not found.
	File properties renault-dev.properties not found.
File properties : dacia-integ.properties
	+ Properties found in dacia-integ.properties but not found in reference file :
		c2g.prodbackgroundStart
	- Properties not found in dacia-integ.properties but found in reference file :
		esc.offers.picture.prod.path
		esc.offers.picture.bo.path
		esc.offers.publish.prodhosts
		esc.offers.picture.preprod.path
		esc.offers.publish.preprodhosts
File properties : dacia-dev.properties
	+ Properties found in dacia-dev.properties but not found in reference file :
		c2g.prodbackgroundStart
	- Properties not found in dacia-dev.properties but found in reference file :
		esc.offers.picture.preprod.path
		esc.offers.picture.prod.path
		esc.offers.picture.bo.path
		esc.offers.publish.prodhosts
		esc.offers.publish.preprodhosts
File properties : jetty.properties
	+ Properties found in jetty.properties but not found in reference file :
		docbase
	- Properties not found in jetty.properties but found in reference file :
		esc.offers.picture.prod.path
		esc.offers.picture.bo.path
		esc.offers.publish.prodhosts
		esc.offers.picture.preprod.path
		esc.offers.publish.preprodhosts
File properties : admin-ren.properties
	+ Properties found in admin-ren.properties but not found in reference file :
		vo.backoffice.log.file.link
		cms_dirs
		vo.backoffice.csv.file.link
		vo.export.directory
	- Properties not found in admin-ren.properties but found in reference file :
		esc.offers.picture.preprod.path
		esc.offers.picture.prod.path
		esc.offers.picture.bo.path
		esc.offers.publish.prodhosts
		esc.offers.publish.preprodhosts
File properties : admin-valid-ren.properties
	+ Properties found in admin-valid-ren.properties but not found in reference file :
		vo.backoffice.log.file.link
		cms_dirs
		vo.backoffice.csv.file.link
		vo.export.directory
	- Properties not found in admin-valid-ren.properties but found in reference file :
		esc.offers.picture.prod.path
		esc.offers.picture.bo.path
		esc.offers.publish.prodhosts
		esc.offers.picture.preprod.path
		esc.offers.publish.preprodhosts
------- dacia-ch VS. dacia-fr -------
File properties : renault-integ.properties
	- Properties not found in renault-integ.properties but found in reference file :
		esc.offers.picture.prod.path
		esc.offers.picture.bo.path
		esc.offers.publish.prodhosts
		esc.offers.picture.preprod.path
		esc.offers.publish.preprodhosts
File properties : renault-dev.properties
	- Properties not found in renault-dev.properties but found in reference file :
		esc.offers.picture.prod.path
		esc.offers.picture.bo.path
		esc.offers.publish.prodhosts
		esc.offers.picture.preprod.path
		esc.offers.publish.preprodhosts
File properties : dacia-integ.properties
	+ Properties found in dacia-integ.properties but not found in reference file :
		c2g.prodbackgroundStart
	- Properties not found in dacia-integ.properties but found in reference file :
		esc.offers.picture.prod.path
		esc.offers.picture.bo.path
		esc.offers.publish.prodhosts
		esc.offers.picture.preprod.path
		esc.offers.publish.preprodhosts
File properties : dacia-dev.properties
	+ Properties found in dacia-dev.properties but not found in reference file :
		c2g.prodbackgroundStart
	- Properties not found in dacia-dev.properties but found in reference file :
		esc.offers.picture.preprod.path
		esc.multimedia.files.prod.path
		esc.offers.picture.prod.path
		esc.offers.picture.bo.path
		esc.offers.publish.prodhosts
		esc.offers.publish.preprodhosts
		esc.multimedia.files.preprod.path
File properties : jetty.properties
	- Properties not found in jetty.properties but found in reference file :
		esc.offers.picture.prod.path
		esc.offers.picture.bo.path
		esc.offers.publish.prodhosts
		esc.offers.picture.preprod.path
		esc.offers.publish.preprodhosts
File properties : admin-ren.properties
	- Properties not found in admin-ren.properties but found in reference file :
		esc.offers.picture.preprod.path
		esc.offers.picture.prod.path
		esc.offers.picture.bo.path
		esc.offers.publish.prodhosts
		esc.offers.publish.preprodhosts
File properties : admin-valid-ren.properties
	- Properties not found in admin-valid-ren.properties but found in reference file :
		esc.offers.picture.prod.path
		esc.offers.picture.bo.path
		esc.offers.publish.prodhosts
		esc.offers.picture.preprod.path
		esc.offers.publish.preprodhosts
------- dacia-be VS. dacia-fr -------
File properties : renault-integ.properties
	- Properties not found in renault-integ.properties but found in reference file :
		esc.offers.picture.prod.path
		esc.offers.picture.bo.path
		esc.offers.publish.prodhosts
		esc.offers.picture.preprod.path
		esc.offers.publish.preprodhosts
File properties : renault-dev.properties
	- Properties not found in renault-dev.properties but found in reference file :
		esc.offers.picture.prod.path
		esc.offers.picture.bo.path
		esc.offers.publish.prodhosts
		esc.offers.picture.preprod.path
		esc.offers.publish.preprodhosts
File properties : dacia-integ.properties
	+ Properties found in dacia-integ.properties but not found in reference file :
		c2g.prodbackgroundStart
	- Properties not found in dacia-integ.properties but found in reference file :
		esc.offers.picture.prod.path
		esc.offers.picture.bo.path
		esc.offers.publish.prodhosts
		esc.offers.picture.preprod.path
		esc.offers.publish.preprodhosts
File properties : dacia-dev.properties
	+ Properties found in dacia-dev.properties but not found in reference file :
		c2g.prodbackgroundStart
	- Properties not found in dacia-dev.properties but found in reference file :
		esc.offers.picture.preprod.path
		esc.multimedia.files.prod.path
		esc.offers.picture.prod.path
		esc.offers.picture.bo.path
		esc.offers.publish.prodhosts
		esc.offers.publish.preprodhosts
		esc.multimedia.files.preprod.path
File properties : jetty.properties
	- Properties not found in jetty.properties but found in reference file :
		esc.offers.picture.prod.path
		esc.offers.picture.bo.path
		esc.offers.publish.prodhosts
		esc.offers.picture.preprod.path
		esc.offers.publish.preprodhosts
File properties : admin-ren.properties
	- Properties not found in admin-ren.properties but found in reference file :
		esc.offers.picture.preprod.path
		esc.offers.picture.prod.path
		esc.offers.picture.bo.path
		esc.offers.publish.prodhosts
		esc.offers.publish.preprodhosts
File properties : admin-valid-ren.properties
	- Properties not found in admin-valid-ren.properties but found in reference file :
		esc.offers.picture.prod.path
		esc.offers.picture.bo.path
		esc.offers.publish.prodhosts
		esc.offers.picture.preprod.path
		esc.offers.publish.preprodhosts
------- dacia-es VS. dacia-fr -------
File properties : renault-integ.properties
	- Properties not found in renault-integ.properties but found in reference file :
		esc.offers.picture.prod.path
		esc.offers.picture.bo.path
		esc.offers.publish.prodhosts
		esc.offers.picture.preprod.path
		esc.offers.publish.preprodhosts
File properties : renault-dev.properties
	- Properties not found in renault-dev.properties but found in reference file :
		esc.offers.picture.prod.path
		esc.offers.picture.bo.path
		esc.offers.publish.prodhosts
		esc.offers.picture.preprod.path
		esc.offers.publish.preprodhosts
File properties : dacia-integ.properties
	+ Properties found in dacia-integ.properties but not found in reference file :
		c2g.prodbackgroundStart
	- Properties not found in dacia-integ.properties but found in reference file :
		esc.offers.picture.prod.path
		esc.offers.picture.bo.path
		esc.offers.publish.prodhosts
		esc.offers.picture.preprod.path
		esc.offers.publish.preprodhosts
File properties : dacia-dev.properties
	+ Properties found in dacia-dev.properties but not found in reference file :
		c2g.prodbackgroundStart
	- Properties not found in dacia-dev.properties but found in reference file :
		esc.offers.picture.preprod.path
		esc.multimedia.files.prod.path
		esc.offers.picture.prod.path
		esc.offers.picture.bo.path
		esc.offers.publish.prodhosts
		esc.offers.publish.preprodhosts
		esc.multimedia.files.preprod.path
File properties : jetty.properties
	- Properties not found in jetty.properties but found in reference file :
		esc.offers.picture.prod.path
		esc.offers.picture.bo.path
		esc.offers.publish.prodhosts
		esc.offers.picture.preprod.path
		esc.offers.publish.preprodhosts
File properties : admin-ren.properties
	- Properties not found in admin-ren.properties but found in reference file :
		esc.offers.picture.preprod.path
		esc.offers.picture.prod.path
		esc.offers.picture.bo.path
		esc.offers.publish.prodhosts
		esc.offers.publish.preprodhosts
File properties : admin-valid-ren.properties
	- Properties not found in admin-valid-ren.properties but found in reference file :
		esc.offers.picture.prod.path
		esc.offers.picture.bo.path
		esc.offers.publish.prodhosts
		esc.offers.picture.preprod.path
		esc.offers.publish.preprodhosts
------- dacia-pt VS. dacia-fr -------
File properties : renault-integ.properties
	- Properties not found in renault-integ.properties but found in reference file :
		esc.offers.picture.prod.path
		esc.offers.picture.bo.path
		esc.offers.publish.prodhosts
		esc.offers.picture.preprod.path
		esc.offers.publish.preprodhosts
File properties : renault-dev.properties
	- Properties not found in renault-dev.properties but found in reference file :
		esc.offers.picture.prod.path
		esc.offers.picture.bo.path
		esc.offers.publish.prodhosts
		esc.offers.picture.preprod.path
		esc.offers.publish.preprodhosts
File properties : dacia-integ.properties
	+ Properties found in dacia-integ.properties but not found in reference file :
		c2g.prodbackgroundStart
	- Properties not found in dacia-integ.properties but found in reference file :
		esc.offers.picture.prod.path
		esc.offers.picture.bo.path
		esc.offers.publish.prodhosts
		esc.offers.picture.preprod.path
		esc.offers.publish.preprodhosts
File properties : dacia-dev.properties
	+ Properties found in dacia-dev.properties but not found in reference file :
		c2g.prodbackgroundStart
	- Properties not found in dacia-dev.properties but found in reference file :
		esc.offers.picture.preprod.path
		esc.multimedia.files.prod.path
		esc.offers.picture.prod.path
		esc.offers.picture.bo.path
		esc.offers.publish.prodhosts
		esc.offers.publish.preprodhosts
		esc.multimedia.files.preprod.path
File properties : jetty.properties
	- Properties not found in jetty.properties but found in reference file :
		esc.offers.picture.prod.path
		esc.offers.picture.bo.path
		esc.offers.publish.prodhosts
		esc.offers.picture.preprod.path
		esc.offers.publish.preprodhosts
File properties : admin-ren.properties
	- Properties not found in admin-ren.properties but found in reference file :
		esc.offers.picture.preprod.path
		esc.offers.picture.prod.path
		esc.offers.picture.bo.path
		esc.offers.publish.prodhosts
		esc.offers.publish.preprodhosts
File properties : admin-valid-ren.properties
	- Properties not found in admin-valid-ren.properties but found in reference file :
		esc.offers.picture.prod.path
		esc.offers.picture.bo.path
		esc.offers.publish.prodhosts
		esc.offers.picture.preprod.path
		esc.offers.publish.preprodhosts
------- dacia-nl VS. dacia-fr -------
File properties : renault-integ.properties
	- Properties not found in renault-integ.properties but found in reference file :
		esc.offers.picture.prod.path
		esc.offers.picture.bo.path
		esc.offers.publish.prodhosts
		esc.offers.picture.preprod.path
		esc.offers.publish.preprodhosts
File properties : renault-dev.properties
	- Properties not found in renault-dev.properties but found in reference file :
		esc.offers.picture.prod.path
		esc.offers.picture.bo.path
		esc.offers.publish.prodhosts
		esc.offers.picture.preprod.path
		esc.offers.publish.preprodhosts
File properties : dacia-integ.properties
	+ Properties found in dacia-integ.properties but not found in reference file :
		c2g.prodbackgroundStart
File properties : dacia-dev.properties
	+ Properties found in dacia-dev.properties but not found in reference file :
		cms.prod.path
		c2g.prodbackgroundStart
		cms.path
		cms.preprod.path
File properties : jetty.properties
File properties : admin-ren.properties
File properties : admin-valid-ren.properties
	+ Properties found in admin-valid-ren.properties but not found in reference file :
		cms.prod.path
		cms.path
		cms.preprod.path
------- dacia-de VS. dacia-fr -------
File properties : renault-integ.properties
	File properties renault-dev.properties not found.
File properties : dacia-integ.properties
	+ Properties found in dacia-integ.properties but not found in reference file :
		c2g.prodbackgroundStart
	- Properties not found in dacia-integ.properties but found in reference file :
		esc.offers.picture.prod.path
		esc.offers.picture.bo.path
		esc.offers.publish.prodhosts
		esc.offers.picture.preprod.path
		esc.offers.publish.preprodhosts
File properties : dacia-dev.properties
	+ Properties found in dacia-dev.properties but not found in reference file :
		c2g.prodbackgroundStart
	- Properties not found in dacia-dev.properties but found in reference file :
		esc.offers.picture.preprod.path
		esc.offers.picture.prod.path
		esc.offers.picture.bo.path
		esc.offers.publish.prodhosts
		esc.offers.publish.preprodhosts
File properties : jetty.properties
	+ Properties found in jetty.properties but not found in reference file :
		docbase
	- Properties not found in jetty.properties but found in reference file :
		esc.offers.picture.prod.path
		esc.offers.picture.bo.path
		esc.offers.publish.prodhosts
		esc.offers.picture.preprod.path
		esc.offers.publish.preprodhosts
File properties : admin-ren.properties
	+ Properties found in admin-ren.properties but not found in reference file :
		vo.backoffice.log.file.link
		cms_dirs
		vo.backoffice.csv.file.link
		vo.export.directory
	- Properties not found in admin-ren.properties but found in reference file :
		esc.offers.picture.preprod.path
		esc.offers.picture.prod.path
		esc.offers.picture.bo.path
		esc.offers.publish.prodhosts
		esc.offers.publish.preprodhosts
File properties : admin-valid-ren.properties
	+ Properties found in admin-valid-ren.properties but not found in reference file :
		vo.backoffice.log.file.link
		cms_dirs
		vo.backoffice.csv.file.link
		vo.export.directory
	- Properties not found in admin-valid-ren.properties but found in reference file :
		esc.offers.picture.prod.path
		esc.offers.picture.bo.path
		esc.offers.publish.prodhosts
		esc.offers.picture.preprod.path
		esc.offers.publish.preprodhosts
------- dacia-ie VS. dacia-fr -------
File properties : renault-integ.properties
	- Properties not found in renault-integ.properties but found in reference file :
		esc.offers.picture.prod.path
		esc.offers.picture.bo.path
		esc.offers.publish.prodhosts
		esc.offers.picture.preprod.path
		esc.offers.publish.preprodhosts
File properties : renault-dev.properties
	- Properties not found in renault-dev.properties but found in reference file :
		esc.offers.picture.prod.path
		esc.offers.picture.bo.path
		esc.offers.publish.prodhosts
		esc.offers.picture.preprod.path
		esc.offers.publish.preprodhosts
File properties : dacia-integ.properties
	+ Properties found in dacia-integ.properties but not found in reference file :
		c2g.prodbackgroundStart
	- Properties not found in dacia-integ.properties but found in reference file :
		esc.offers.picture.prod.path
		esc.offers.picture.bo.path
		esc.offers.publish.prodhosts
		esc.offers.picture.preprod.path
		esc.offers.publish.preprodhosts
File properties : dacia-dev.properties
	+ Properties found in dacia-dev.properties but not found in reference file :
		c2g.prodbackgroundStart
	- Properties not found in dacia-dev.properties but found in reference file :
		esc.offers.picture.preprod.path
		esc.multimedia.files.prod.path
		esc.offers.picture.prod.path
		esc.offers.picture.bo.path
		esc.offers.publish.prodhosts
		esc.offers.publish.preprodhosts
		esc.multimedia.files.preprod.path
File properties : jetty.properties
	- Properties not found in jetty.properties but found in reference file :
		esc.offers.picture.prod.path
		esc.offers.picture.bo.path
		esc.offers.publish.prodhosts
		esc.offers.picture.preprod.path
		esc.offers.publish.preprodhosts
File properties : admin-ren.properties
	- Properties not found in admin-ren.properties but found in reference file :
		esc.offers.picture.preprod.path
		esc.offers.picture.prod.path
		esc.offers.picture.bo.path
		esc.offers.publish.prodhosts
		esc.offers.publish.preprodhosts
File properties : admin-valid-ren.properties
	- Properties not found in admin-valid-ren.properties but found in reference file :
		esc.offers.picture.prod.path
		esc.offers.picture.bo.path
		esc.offers.publish.prodhosts
		esc.offers.picture.preprod.path
		esc.offers.publish.preprodhosts
------- dacia-ma VS. dacia-fr -------
File properties : renault-integ.properties
	- Properties not found in renault-integ.properties but found in reference file :
		esc.offers.picture.prod.path
		esc.offers.picture.bo.path
		esc.offers.publish.prodhosts
		esc.offers.picture.preprod.path
		esc.offers.publish.preprodhosts
File properties : renault-dev.properties
	- Properties not found in renault-dev.properties but found in reference file :
		esc.offers.picture.prod.path
		esc.offers.picture.bo.path
		esc.offers.publish.prodhosts
		esc.offers.picture.preprod.path
		esc.offers.publish.preprodhosts
File properties : dacia-integ.properties
	+ Properties found in dacia-integ.properties but not found in reference file :
		c2g.prodbackgroundStart
	- Properties not found in dacia-integ.properties but found in reference file :
		esc.offers.picture.prod.path
		esc.offers.picture.bo.path
		esc.offers.publish.prodhosts
		esc.offers.picture.preprod.path
		esc.offers.publish.preprodhosts
File properties : dacia-dev.properties
	+ Properties found in dacia-dev.properties but not found in reference file :
		c2g.prodbackgroundStart
	- Properties not found in dacia-dev.properties but found in reference file :
		esc.offers.picture.preprod.path
		esc.multimedia.files.prod.path
		esc.offers.picture.prod.path
		esc.offers.picture.bo.path
		esc.offers.publish.prodhosts
		esc.offers.publish.preprodhosts
		esc.multimedia.files.preprod.path
File properties : jetty.properties
	- Properties not found in jetty.properties but found in reference file :
		esc.offers.picture.prod.path
		esc.offers.picture.bo.path
		esc.offers.publish.prodhosts
		esc.offers.picture.preprod.path
		esc.offers.publish.preprodhosts
File properties : admin-ren.properties
	- Properties not found in admin-ren.properties but found in reference file :
		esc.offers.picture.preprod.path
		esc.offers.picture.prod.path
		esc.offers.picture.bo.path
		esc.offers.publish.prodhosts
		esc.offers.publish.preprodhosts
File properties : admin-valid-ren.properties
	- Properties not found in admin-valid-ren.properties but found in reference file :
		esc.offers.picture.prod.path
		esc.offers.picture.bo.path
		esc.offers.publish.prodhosts
		esc.offers.picture.preprod.path
		esc.offers.publish.preprodhosts

</system-out>
  </testcase>
  <testcase time="0.069" classname="com.renault.tools.synchronization.config.webapp.resources.SynchronizationConfigWebappTest" name="should_dacia_frontoffice_configurations_synchronized">
    <failure type="java.lang.AssertionError:">java.lang.AssertionError: 
	at org.junit.Assert.fail(Assert.java:91)
	at org.junit.Assert.assertTrue(Assert.java:43)
	at org.junit.Assert.assertTrue(Assert.java:54)
	at com.renault.tools.synchronization.config.webapp.resources.SynchronizationConfigWebappTest.should_dacia_frontoffice_configurations_synchronized(SynchronizationConfigWebappTest.java:65)
	at sun.reflect.NativeMethodAccessorImpl.invoke0(Native Method)
	at sun.reflect.NativeMethodAccessorImpl.invoke(NativeMethodAccessorImpl.java:39)
	at sun.reflect.DelegatingMethodAccessorImpl.invoke(DelegatingMethodAccessorImpl.java:25)
	at java.lang.reflect.Method.invoke(Method.java:597)
	at org.junit.runners.model.FrameworkMethod$1.runReflectiveCall(FrameworkMethod.java:44)
	at org.junit.internal.runners.model.ReflectiveCallable.run(ReflectiveCallable.java:15)
	at org.junit.runners.model.FrameworkMethod.invokeExplosively(FrameworkMethod.java:41)
	at org.junit.internal.runners.statements.InvokeMethod.evaluate(InvokeMethod.java:20)
	at org.junit.runners.BlockJUnit4ClassRunner.runNotIgnored(BlockJUnit4ClassRunner.java:79)
	at org.junit.runners.BlockJUnit4ClassRunner.runChild(BlockJUnit4ClassRunner.java:71)
	at org.junit.runners.BlockJUnit4ClassRunner.runChild(BlockJUnit4ClassRunner.java:49)
	at org.junit.runners.ParentRunner$3.run(ParentRunner.java:193)
	at org.junit.runners.ParentRunner$1.schedule(ParentRunner.java:52)
	at org.junit.runners.ParentRunner.runChildren(ParentRunner.java:191)
	at org.junit.runners.ParentRunner.access$000(ParentRunner.java:42)
	at org.junit.runners.ParentRunner$2.evaluate(ParentRunner.java:184)
	at org.junit.internal.runners.statements.RunBefores.evaluate(RunBefores.java:28)
	at org.junit.runners.ParentRunner.run(ParentRunner.java:236)
	at org.apache.maven.surefire.junit4.JUnit4TestSet.execute(JUnit4TestSet.java:53)
	at org.apache.maven.surefire.junit4.JUnit4Provider.executeTestSet(JUnit4Provider.java:123)
	at org.apache.maven.surefire.junit4.JUnit4Provider.invoke(JUnit4Provider.java:104)
	at sun.reflect.NativeMethodAccessorImpl.invoke0(Native Method)
	at sun.reflect.NativeMethodAccessorImpl.invoke(NativeMethodAccessorImpl.java:39)
	at sun.reflect.DelegatingMethodAccessorImpl.invoke(DelegatingMethodAccessorImpl.java:25)
	at java.lang.reflect.Method.invoke(Method.java:597)
	at org.apache.maven.surefire.util.ReflectionUtils.invokeMethodWithArray(ReflectionUtils.java:164)
	at org.apache.maven.surefire.booter.ProviderFactory$ProviderProxy.invoke(ProviderFactory.java:110)
	at org.apache.maven.surefire.booter.SurefireStarter.invokeProvider(SurefireStarter.java:175)
	at org.apache.maven.surefire.booter.SurefireStarter.runSuitesInProcessWhenForked(SurefireStarter.java:107)
	at org.apache.maven.surefire.booter.ForkedBooter.main(ForkedBooter.java:68)
</failure>
    <system-out>================ DACIA FRONTOFFICE ================
------- dacia-tr VS. dacia-fr -------
File properties : web-dac.properties
	- Properties not found in web-dac.properties but found in reference file :
		gdc.portal.url
		google.analytics.global.id
		eshop.order.payment.default_price
		google.analytics.site.id
File properties : renault-integ.properties
	- Properties not found in renault-integ.properties but found in reference file :
		htdocs
		eshop.order.payment.default_price
File properties : preprod-ren.properties
	- Properties not found in preprod-ren.properties but found in reference file :
		gdc.portal.url
		eshop.order.payment.default_price
File properties : preprod-valid-ren.properties
	- Properties not found in preprod-valid-ren.properties but found in reference file :
		gdc.portal.url
		eshop.order.payment.default_price
	File properties renault-dev.properties not found.
File properties : dacia-integ.properties
	- Properties not found in dacia-integ.properties but found in reference file :
		eshop.order.payment.default_price
File properties : dacia-dev.properties
	+ Properties found in dacia-dev.properties but not found in reference file :
		eshop.picture.directory
		eshop.destination.directory
	- Properties not found in dacia-dev.properties but found in reference file :
		eshop.order.payment.default_price
File properties : jetty.properties
	- Properties not found in jetty.properties but found in reference file :
		gdc.portal.url
		flexUrlBase
		eshop.order.payment.default_price
File properties : web-valid-dac.properties
	- Properties not found in web-valid-dac.properties but found in reference file :
		gdc.portal.url
		eshop.order.payment.default_price
	File properties admin3-ren.properties not found.
File properties : cruisecontrol.properties
------- dacia-si VS. dacia-fr -------
File properties : web-dac.properties
	- Properties not found in web-dac.properties but found in reference file :
		gdc.portal.url
		google.analytics.global.id
		eshop.order.payment.default_price
		google.analytics.site.id
File properties : renault-integ.properties
	- Properties not found in renault-integ.properties but found in reference file :
		htdocs
		eshop.order.payment.default_price
File properties : preprod-ren.properties
	- Properties not found in preprod-ren.properties but found in reference file :
		gdc.portal.url
		eshop.order.payment.default_price
File properties : preprod-valid-ren.properties
	- Properties not found in preprod-valid-ren.properties but found in reference file :
		gdc.portal.url
		eshop.order.payment.default_price
File properties : renault-dev.properties
	- Properties not found in renault-dev.properties but found in reference file :
		eshop.order.payment.default_price
File properties : dacia-integ.properties
	- Properties not found in dacia-integ.properties but found in reference file :
		htdocs
		eshop.order.payment.default_price
File properties : dacia-dev.properties
	- Properties not found in dacia-dev.properties but found in reference file :
		eshop.order.payment.default_price
		htdocs
File properties : jetty.properties
	- Properties not found in jetty.properties but found in reference file :
		docbase
		gdc.portal.url
		flexUrlBase
		eshop.order.payment.default_price
		htdocs
File properties : web-valid-dac.properties
	- Properties not found in web-valid-dac.properties but found in reference file :
		gdc.portal.url
		eshop.order.payment.default_price
	File properties admin3-ren.properties not found.
File properties : cruisecontrol.properties
------- dacia-at VS. dacia-fr -------
File properties : web-dac.properties
	- Properties not found in web-dac.properties but found in reference file :
		gdc.portal.url
		google.analytics.global.id
		eshop.order.payment.default_price
		google.analytics.site.id
File properties : renault-integ.properties
	- Properties not found in renault-integ.properties but found in reference file :
		htdocs
		eshop.order.payment.default_price
File properties : preprod-ren.properties
	- Properties not found in preprod-ren.properties but found in reference file :
		gdc.portal.url
		eshop.order.payment.default_price
File properties : preprod-valid-ren.properties
	- Properties not found in preprod-valid-ren.properties but found in reference file :
		gdc.portal.url
		eshop.order.payment.default_price
File properties : renault-dev.properties
	- Properties not found in renault-dev.properties but found in reference file :
		eshop.order.payment.default_price
File properties : dacia-integ.properties
	- Properties not found in dacia-integ.properties but found in reference file :
		htdocs
		eshop.order.payment.default_price
File properties : dacia-dev.properties
	- Properties not found in dacia-dev.properties but found in reference file :
		eshop.order.payment.default_price
		htdocs
File properties : jetty.properties
	- Properties not found in jetty.properties but found in reference file :
		docbase
		gdc.portal.url
		flexUrlBase
		eshop.order.payment.default_price
		htdocs
File properties : web-valid-dac.properties
	- Properties not found in web-valid-dac.properties but found in reference file :
		gdc.portal.url
		eshop.order.payment.default_price
	File properties admin3-ren.properties not found.
File properties : cruisecontrol.properties
------- dacia-lu VS. dacia-fr -------
File properties : web-dac.properties
	- Properties not found in web-dac.properties but found in reference file :
		gdc.portal.url
		google.analytics.global.id
		eshop.order.payment.default_price
		google.analytics.site.id
File properties : renault-integ.properties
	- Properties not found in renault-integ.properties but found in reference file :
		htdocs
		eshop.order.payment.default_price
File properties : preprod-ren.properties
	- Properties not found in preprod-ren.properties but found in reference file :
		gdc.portal.url
		eshop.order.payment.default_price
File properties : preprod-valid-ren.properties
	- Properties not found in preprod-valid-ren.properties but found in reference file :
		gdc.portal.url
		eshop.order.payment.default_price
File properties : renault-dev.properties
	- Properties not found in renault-dev.properties but found in reference file :
		eshop.order.payment.default_price
File properties : dacia-integ.properties
	- Properties not found in dacia-integ.properties but found in reference file :
		htdocs
		eshop.order.payment.default_price
File properties : dacia-dev.properties
	- Properties not found in dacia-dev.properties but found in reference file :
		eshop.order.payment.default_price
		htdocs
File properties : jetty.properties
	- Properties not found in jetty.properties but found in reference file :
		docbase
		gdc.portal.url
		flexUrlBase
		eshop.order.payment.default_price
		htdocs
File properties : web-valid-dac.properties
	- Properties not found in web-valid-dac.properties but found in reference file :
		gdc.portal.url
		eshop.order.payment.default_price
	File properties admin3-ren.properties not found.
File properties : cruisecontrol.properties
------- dacia-sk VS. dacia-fr -------
File properties : web-dac.properties
	- Properties not found in web-dac.properties but found in reference file :
		gdc.portal.url
		google.analytics.global.id
		eshop.order.payment.default_price
		google.analytics.site.id
File properties : renault-integ.properties
	- Properties not found in renault-integ.properties but found in reference file :
		htdocs
		eshop.order.payment.default_price
File properties : preprod-ren.properties
	- Properties not found in preprod-ren.properties but found in reference file :
		gdc.portal.url
		eshop.order.payment.default_price
File properties : preprod-valid-ren.properties
	- Properties not found in preprod-valid-ren.properties but found in reference file :
		gdc.portal.url
		eshop.order.payment.default_price
File properties : renault-dev.properties
	- Properties not found in renault-dev.properties but found in reference file :
		eshop.order.payment.default_price
File properties : dacia-integ.properties
	- Properties not found in dacia-integ.properties but found in reference file :
		htdocs
		eshop.order.payment.default_price
File properties : dacia-dev.properties
	- Properties not found in dacia-dev.properties but found in reference file :
		eshop.order.payment.default_price
		htdocs
File properties : jetty.properties
	- Properties not found in jetty.properties but found in reference file :
		docbase
		gdc.portal.url
		flexUrlBase
		eshop.order.payment.default_price
		htdocs
File properties : web-valid-dac.properties
	- Properties not found in web-valid-dac.properties but found in reference file :
		gdc.portal.url
		eshop.order.payment.default_price
	File properties admin3-ren.properties not found.
File properties : cruisecontrol.properties
------- dacia-master VS. dacia-fr -------
File properties : web-dac.properties
	- Properties not found in web-dac.properties but found in reference file :
		gdc.portal.url
		google.analytics.global.id
		eshop.order.payment.default_price
		google.analytics.site.id
File properties : renault-integ.properties
	- Properties not found in renault-integ.properties but found in reference file :
		htdocs
		eshop.order.payment.default_price
File properties : preprod-ren.properties
	- Properties not found in preprod-ren.properties but found in reference file :
		gdc.portal.url
		eshop.order.payment.default_price
File properties : preprod-valid-ren.properties
	- Properties not found in preprod-valid-ren.properties but found in reference file :
		gdc.portal.url
		eshop.order.payment.default_price
File properties : renault-dev.properties
	- Properties not found in renault-dev.properties but found in reference file :
		eshop.order.payment.default_price
File properties : dacia-integ.properties
	- Properties not found in dacia-integ.properties but found in reference file :
		htdocs
		eshop.order.payment.default_price
File properties : dacia-dev.properties
	- Properties not found in dacia-dev.properties but found in reference file :
		eshop.order.payment.default_price
		htdocs
File properties : jetty.properties
	- Properties not found in jetty.properties but found in reference file :
		docbase
		gdc.portal.url
		flexUrlBase
		eshop.order.payment.default_price
		htdocs
File properties : web-valid-dac.properties
	- Properties not found in web-valid-dac.properties but found in reference file :
		gdc.portal.url
		eshop.order.payment.default_price
	File properties admin3-ren.properties not found.
File properties : cruisecontrol.properties
------- dacia-central VS. dacia-fr -------
	File properties web-dac.properties not found.
File properties : renault-integ.properties
	- Properties not found in renault-integ.properties but found in reference file :
		htdocs
		eshop.order.payment.default_price
File properties : preprod-ren.properties
	- Properties not found in preprod-ren.properties but found in reference file :
		gdc.portal.url
		eshop.order.payment.default_price
File properties : preprod-valid-ren.properties
	- Properties not found in preprod-valid-ren.properties but found in reference file :
		gdc.portal.url
		eshop.order.payment.default_price
File properties : renault-dev.properties
	- Properties not found in renault-dev.properties but found in reference file :
		eshop.order.payment.default_price
File properties : dacia-integ.properties
	- Properties not found in dacia-integ.properties but found in reference file :
		htdocs
		eshop.order.payment.default_price
File properties : dacia-dev.properties
	- Properties not found in dacia-dev.properties but found in reference file :
		eshop.order.payment.default_price
		htdocs
File properties : jetty.properties
	- Properties not found in jetty.properties but found in reference file :
		docbase
		gdc.portal.url
		flexUrlBase
		eshop.order.payment.default_price
		catalina.base
		htdocs
	File properties web-valid-dac.properties not found.
File properties : admin3-ren.properties
	- Properties not found in admin3-ren.properties but found in reference file :
		google.analytics.global.id
		google.analytics.site.id
File properties : cruisecontrol.properties
------- dacia-hu VS. dacia-fr -------
File properties : web-dac.properties
	- Properties not found in web-dac.properties but found in reference file :
		gdc.portal.url
		google.analytics.global.id
		eshop.order.payment.default_price
		google.analytics.site.id
File properties : renault-integ.properties
	- Properties not found in renault-integ.properties but found in reference file :
		htdocs
		eshop.order.payment.default_price
File properties : preprod-ren.properties
	- Properties not found in preprod-ren.properties but found in reference file :
		gdc.portal.url
		eshop.order.payment.default_price
File properties : preprod-valid-ren.properties
	- Properties not found in preprod-valid-ren.properties but found in reference file :
		gdc.portal.url
		eshop.order.payment.default_price
File properties : renault-dev.properties
	- Properties not found in renault-dev.properties but found in reference file :
		eshop.order.payment.default_price
File properties : dacia-integ.properties
	- Properties not found in dacia-integ.properties but found in reference file :
		htdocs
		eshop.order.payment.default_price
File properties : dacia-dev.properties
	- Properties not found in dacia-dev.properties but found in reference file :
		eshop.order.payment.default_price
		htdocs
File properties : jetty.properties
	- Properties not found in jetty.properties but found in reference file :
		docbase
		gdc.portal.url
		flexUrlBase
		eshop.order.payment.default_price
		htdocs
File properties : web-valid-dac.properties
	- Properties not found in web-valid-dac.properties but found in reference file :
		gdc.portal.url
		eshop.order.payment.default_price
	File properties admin3-ren.properties not found.
File properties : cruisecontrol.properties
------- dacia-uk VS. dacia-fr -------
File properties : web-dac.properties
	- Properties not found in web-dac.properties but found in reference file :
		google.analytics.global.id
		google.analytics.site.id
File properties : renault-integ.properties
	- Properties not found in renault-integ.properties but found in reference file :
		htdocs
		eshop.order.payment.default_price
File properties : preprod-ren.properties
File properties : preprod-valid-ren.properties
File properties : renault-dev.properties
	- Properties not found in renault-dev.properties but found in reference file :
		eshop.order.payment.default_price
File properties : dacia-integ.properties
	- Properties not found in dacia-integ.properties but found in reference file :
		htdocs
File properties : dacia-dev.properties
	- Properties not found in dacia-dev.properties but found in reference file :
		htdocs
File properties : jetty.properties
	- Properties not found in jetty.properties but found in reference file :
		docbase
		flexUrlBase
		htdocs
File properties : web-valid-dac.properties
File properties : admin3-ren.properties
File properties : cruisecontrol.properties
------- dacia-pl VS. dacia-fr -------
File properties : web-dac.properties
	- Properties not found in web-dac.properties but found in reference file :
		google.analytics.global.id
		google.analytics.site.id
File properties : renault-integ.properties
File properties : preprod-ren.properties
File properties : preprod-valid-ren.properties
File properties : renault-dev.properties
File properties : dacia-integ.properties
File properties : dacia-dev.properties
File properties : jetty.properties
File properties : web-valid-dac.properties
	File properties admin3-ren.properties not found.
File properties : cruisecontrol.properties
------- dacia-cz VS. dacia-fr -------
File properties : web-dac.properties
	- Properties not found in web-dac.properties but found in reference file :
		gdc.portal.url
		google.analytics.global.id
		eshop.order.payment.default_price
		google.analytics.site.id
File properties : renault-integ.properties
	- Properties not found in renault-integ.properties but found in reference file :
		htdocs
		eshop.order.payment.default_price
File properties : preprod-ren.properties
	- Properties not found in preprod-ren.properties but found in reference file :
		gdc.portal.url
		eshop.order.payment.default_price
File properties : preprod-valid-ren.properties
	- Properties not found in preprod-valid-ren.properties but found in reference file :
		gdc.portal.url
		eshop.order.payment.default_price
File properties : renault-dev.properties
	- Properties not found in renault-dev.properties but found in reference file :
		eshop.order.payment.default_price
File properties : dacia-integ.properties
	- Properties not found in dacia-integ.properties but found in reference file :
		htdocs
		eshop.order.payment.default_price
File properties : dacia-dev.properties
	- Properties not found in dacia-dev.properties but found in reference file :
		eshop.order.payment.default_price
		htdocs
File properties : jetty.properties
	- Properties not found in jetty.properties but found in reference file :
		docbase
		gdc.portal.url
		flexUrlBase
		eshop.order.payment.default_price
		htdocs
File properties : web-valid-dac.properties
	- Properties not found in web-valid-dac.properties but found in reference file :
		gdc.portal.url
		eshop.order.payment.default_price
	File properties admin3-ren.properties not found.
File properties : cruisecontrol.properties
------- dacia-it VS. dacia-fr -------
File properties : web-dac.properties
	- Properties not found in web-dac.properties but found in reference file :
		google.analytics.global.id
		google.analytics.site.id
File properties : renault-integ.properties
	- Properties not found in renault-integ.properties but found in reference file :
		htdocs
File properties : preprod-ren.properties
File properties : preprod-valid-ren.properties
File properties : renault-dev.properties
	- Properties not found in renault-dev.properties but found in reference file :
		eshop.order.payment.default_price
File properties : dacia-integ.properties
	- Properties not found in dacia-integ.properties but found in reference file :
		htdocs
File properties : dacia-dev.properties
	- Properties not found in dacia-dev.properties but found in reference file :
		htdocs
File properties : jetty.properties
	- Properties not found in jetty.properties but found in reference file :
		flexUrlBase
File properties : web-valid-dac.properties
File properties : admin3-ren.properties
File properties : cruisecontrol.properties
------- dacia-dz VS. dacia-fr -------
File properties : web-dac.properties
	- Properties not found in web-dac.properties but found in reference file :
		gdc.portal.url
		google.analytics.global.id
		eshop.order.payment.default_price
		google.analytics.site.id
File properties : renault-integ.properties
	- Properties not found in renault-integ.properties but found in reference file :
		htdocs
		eshop.order.payment.default_price
File properties : preprod-ren.properties
	- Properties not found in preprod-ren.properties but found in reference file :
		gdc.portal.url
		eshop.order.payment.default_price
File properties : preprod-valid-ren.properties
	- Properties not found in preprod-valid-ren.properties but found in reference file :
		gdc.portal.url
		eshop.order.payment.default_price
File properties : renault-dev.properties
	- Properties not found in renault-dev.properties but found in reference file :
		eshop.order.payment.default_price
File properties : dacia-integ.properties
	- Properties not found in dacia-integ.properties but found in reference file :
		htdocs
		eshop.order.payment.default_price
File properties : dacia-dev.properties
	- Properties not found in dacia-dev.properties but found in reference file :
		eshop.order.payment.default_price
		htdocs
File properties : jetty.properties
	- Properties not found in jetty.properties but found in reference file :
		docbase
		gdc.portal.url
		flexUrlBase
		eshop.order.payment.default_price
		htdocs
File properties : web-valid-dac.properties
	- Properties not found in web-valid-dac.properties but found in reference file :
		gdc.portal.url
		eshop.order.payment.default_price
	File properties admin3-ren.properties not found.
File properties : cruisecontrol.properties
------- dacia-hr VS. dacia-fr -------
File properties : web-dac.properties
	- Properties not found in web-dac.properties but found in reference file :
		gdc.portal.url
		google.analytics.global.id
		eshop.order.payment.default_price
		google.analytics.site.id
File properties : renault-integ.properties
	- Properties not found in renault-integ.properties but found in reference file :
		htdocs
		eshop.order.payment.default_price
File properties : preprod-ren.properties
	- Properties not found in preprod-ren.properties but found in reference file :
		gdc.portal.url
		eshop.order.payment.default_price
File properties : preprod-valid-ren.properties
	- Properties not found in preprod-valid-ren.properties but found in reference file :
		gdc.portal.url
		eshop.order.payment.default_price
File properties : renault-dev.properties
	- Properties not found in renault-dev.properties but found in reference file :
		eshop.order.payment.default_price
File properties : dacia-integ.properties
	- Properties not found in dacia-integ.properties but found in reference file :
		htdocs
		eshop.order.payment.default_price
File properties : dacia-dev.properties
	- Properties not found in dacia-dev.properties but found in reference file :
		eshop.order.payment.default_price
		htdocs
File properties : jetty.properties
	- Properties not found in jetty.properties but found in reference file :
		docbase
		gdc.portal.url
		flexUrlBase
		eshop.order.payment.default_price
		htdocs
File properties : web-valid-dac.properties
	- Properties not found in web-valid-dac.properties but found in reference file :
		gdc.portal.url
		eshop.order.payment.default_price
	File properties admin3-ren.properties not found.
File properties : cruisecontrol.properties
------- dacia-ro VS. dacia-fr -------
File properties : web-dac.properties
	- Properties not found in web-dac.properties but found in reference file :
		gdc.portal.url
		eshop.order.payment.default_price
	File properties renault-integ.properties not found.
File properties : preprod-ren.properties
	- Properties not found in preprod-ren.properties but found in reference file :
		gdc.portal.url
		eshop.order.payment.default_price
File properties : preprod-valid-ren.properties
	- Properties not found in preprod-valid-ren.properties but found in reference file :
		gdc.portal.url
		eshop.order.payment.default_price
	File properties renault-dev.properties not found.
File properties : dacia-integ.properties
	- Properties not found in dacia-integ.properties but found in reference file :
		eshop.order.payment.default_price
File properties : dacia-dev.properties
	- Properties not found in dacia-dev.properties but found in reference file :
		eshop.order.payment.default_price
File properties : jetty.properties
	- Properties not found in jetty.properties but found in reference file :
		gdc.portal.url
		flexUrlBase
		eshop.order.payment.default_price
File properties : web-valid-dac.properties
	- Properties not found in web-valid-dac.properties but found in reference file :
		gdc.portal.url
		eshop.order.payment.default_price
	File properties admin3-ren.properties not found.
	File properties cruisecontrol.properties not found.
------- dacia-ch VS. dacia-fr -------
File properties : web-dac.properties
	- Properties not found in web-dac.properties but found in reference file :
		gdc.portal.url
		google.analytics.global.id
		eshop.order.payment.default_price
		google.analytics.site.id
File properties : renault-integ.properties
	- Properties not found in renault-integ.properties but found in reference file :
		htdocs
		eshop.order.payment.default_price
File properties : preprod-ren.properties
	- Properties not found in preprod-ren.properties but found in reference file :
		gdc.portal.url
		eshop.order.payment.default_price
File properties : preprod-valid-ren.properties
	- Properties not found in preprod-valid-ren.properties but found in reference file :
		gdc.portal.url
		eshop.order.payment.default_price
File properties : renault-dev.properties
	- Properties not found in renault-dev.properties but found in reference file :
		eshop.order.payment.default_price
File properties : dacia-integ.properties
	- Properties not found in dacia-integ.properties but found in reference file :
		htdocs
		eshop.order.payment.default_price
File properties : dacia-dev.properties
	- Properties not found in dacia-dev.properties but found in reference file :
		eshop.order.payment.default_price
		htdocs
File properties : jetty.properties
	- Properties not found in jetty.properties but found in reference file :
		docbase
		gdc.portal.url
		flexUrlBase
		eshop.order.payment.default_price
		htdocs
File properties : web-valid-dac.properties
	- Properties not found in web-valid-dac.properties but found in reference file :
		gdc.portal.url
		eshop.order.payment.default_price
	File properties admin3-ren.properties not found.
File properties : cruisecontrol.properties
------- dacia-be VS. dacia-fr -------
File properties : web-dac.properties
	- Properties not found in web-dac.properties but found in reference file :
		gdc.portal.url
		google.analytics.global.id
		eshop.order.payment.default_price
		google.analytics.site.id
File properties : renault-integ.properties
	- Properties not found in renault-integ.properties but found in reference file :
		htdocs
		eshop.order.payment.default_price
File properties : preprod-ren.properties
	- Properties not found in preprod-ren.properties but found in reference file :
		gdc.portal.url
		eshop.order.payment.default_price
File properties : preprod-valid-ren.properties
	- Properties not found in preprod-valid-ren.properties but found in reference file :
		gdc.portal.url
[...]
		dws.webform.tire.id
		dws.webform.merch.id
		dws.webform.contact.apva.id
		dws.webform.fixedprice.id
		dws.webform.contact.vo.id
		dws.webform.contact.rpe.id
		dws.webform.contact.other.id
		dws.webform.contact.vn.id
		dws.webform.generalinfo.id
File properties : renault-dev.properties
	- Properties not found in renault-dev.properties but found in reference file :
		esc.multimedia.deploy.path
		dws.webform.axs.id
		dwsBaseUrl
		dws.webform.tire.id
		dws.webform.merch.id
		dws.webform.contact.apva.id
		dws.webform.fixedprice.id
		dws.webform.contact.vo.id
		dws.webform.contact.rpe.id
		esc.multimedia.files.bo.path
		vo.cdn.url
		dws.webform.contact.vn.id
		esc.multimedia.files.prod.path
		esc.multimedia.publish.preprodhosts
		dws.webform.vn.id
		esc.multimedia.files.preprod.path
		dws.webform.contact.other.id
		vn.pgr.price.method.percentage
		dws.webform.generalinfo.id
		esc.multimedia.publish.prodhosts
File properties : jetty.properties
	- Properties not found in jetty.properties but found in reference file :
		c2g.prodHost
		dws.webform.axs.id
		dwsBaseUrl
		dws.webform.tire.id
		dws.webform.merch.id
		dws.webform.contact.apva.id
		dws.webform.contact.vo.id
		dws.webform.contact.rpe.id
		vo.cdn.url
		dws.webform.contact.vn.id
		topr.lvd.endpoint
		dws.webform.vn.id
		urlPreprod
		misc.bo.fileupload.path
		dws.webform.contact.other.id
		vn.pgr.price.method.percentage
		dws.webform.generalinfo.id
	File properties cognifide.properties not found.
	File properties vagrant.properties not found.
File properties : web-ren.properties
	- Properties not found in web-ren.properties but found in reference file :
		dws.webform.axs.id
		dws.webform.vn.id
		dwsBaseUrl
		dws.webform.tire.id
		dws.webform.merch.id
		dws.webform.contact.apva.id
		dws.webform.fixedprice.id
		dws.webform.contact.vo.id
		dws.webform.contact.rpe.id
		vo.cdn.url
		dws.webform.contact.other.id
		dws.webform.contact.vn.id
		dws.webform.generalinfo.id
File properties : admin-valid-ren.properties
	+ Properties found in admin-valid-ren.properties but not found in reference file :
		leadforms.source.folder
		vo.backoffice.csv.file.link
		vo.backoffice.log.file.link
	- Properties not found in admin-valid-ren.properties but found in reference file :
		dws.webform.fixedprice.id
		dws.webform.axs.id
		dwsBaseUrl
		dws.webform.tire.id
		dws.webform.generalinfo.id
		dws.webform.merch.id
File properties : cruisecontrol.properties
------- renault-be VS. renault-fr -------
File properties : web-valid-ren.properties
	- Properties not found in web-valid-ren.properties but found in reference file :
		dws.webform.axs.id
		dws.webform.vn.id
		dwsBaseUrl
		dws.webform.tire.id
		eshop.order.payment.default_price
		dws.webform.merch.id
		dws.webform.contact.apva.id
		dws.webform.fixedprice.id
		dws.webform.contact.vo.id
		dws.webform.contact.rpe.id
		gdc.portal.url
		dws.webform.contact.other.id
		dws.webform.contact.vn.id
		dws.webform.generalinfo.id
File properties : renault-integ.properties
	- Properties not found in renault-integ.properties but found in reference file :
		esc.multimedia.deploy.path
		dws.webform.axs.id
		dwsBaseUrl
		dws.webform.tire.id
		eshop.order.payment.default_price
		dws.webform.merch.id
		dws.webform.contact.apva.id
		dws.webform.fixedprice.id
		dws.webform.contact.vo.id
		dws.webform.contact.rpe.id
		esc.multimedia.files.bo.path
		vo.cdn.url
		gdc.portal.url
		dws.webform.contact.vn.id
		esc.multimedia.files.prod.path
		esc.multimedia.publish.preprodhosts
		dws.webform.vn.id
		esc.multimedia.files.preprod.path
		dws.webform.contact.other.id
		vn.pgr.price.method.percentage
		dws.webform.generalinfo.id
		esc.multimedia.publish.prodhosts
File properties : preprod-ren.properties
	- Properties not found in preprod-ren.properties but found in reference file :
		dws.webform.axs.id
		dws.webform.vn.id
		dwsBaseUrl
		dws.webform.tire.id
		eshop.order.payment.default_price
		dws.webform.merch.id
		dws.webform.contact.apva.id
		dws.webform.fixedprice.id
		dws.webform.contact.vo.id
		dws.webform.contact.rpe.id
		vo.cdn.url
		gdc.portal.url
		dws.webform.contact.other.id
		dws.webform.contact.vn.id
		dws.webform.generalinfo.id
File properties : preprod-valid-ren.properties
	- Properties not found in preprod-valid-ren.properties but found in reference file :
		dws.webform.axs.id
		dws.webform.vn.id
		dwsBaseUrl
		dws.webform.tire.id
		eshop.order.payment.default_price
		dws.webform.merch.id
		dws.webform.contact.apva.id
		dws.webform.fixedprice.id
		dws.webform.contact.vo.id
		dws.webform.contact.rpe.id
		gdc.portal.url
		dws.webform.contact.other.id
		dws.webform.contact.vn.id
		dws.webform.generalinfo.id
File properties : renault-dev.properties
	- Properties not found in renault-dev.properties but found in reference file :
		esc.multimedia.deploy.path
		dws.webform.axs.id
		dwsBaseUrl
		dws.webform.tire.id
		eshop.order.payment.default_price
		dws.webform.merch.id
		dws.webform.contact.apva.id
		dws.webform.fixedprice.id
		dws.webform.contact.vo.id
		dws.webform.contact.rpe.id
		esc.multimedia.files.bo.path
		vo.cdn.url
		gdc.portal.url
		dws.webform.contact.vn.id
		esc.multimedia.files.prod.path
		esc.multimedia.publish.preprodhosts
		dws.webform.vn.id
		esc.multimedia.files.preprod.path
		dws.webform.contact.other.id
		vn.pgr.price.method.percentage
		dws.webform.generalinfo.id
		esc.multimedia.publish.prodhosts
File properties : jetty.properties
	- Properties not found in jetty.properties but found in reference file :
		c2g.prodHost
		dws.webform.axs.id
		dwsBaseUrl
		dws.webform.tire.id
		eshop.order.payment.default_price
		dws.webform.merch.id
		dws.webform.contact.apva.id
		dws.webform.contact.vo.id
		dws.webform.contact.rpe.id
		vo.cdn.url
		gdc.portal.url
		dws.webform.contact.vn.id
		topr.lvd.endpoint
		dws.webform.vn.id
		urlPreprod
		misc.bo.fileupload.path
		dws.webform.contact.other.id
		vn.pgr.price.method.percentage
		dws.webform.generalinfo.id
	File properties cognifide.properties not found.
	File properties vagrant.properties not found.
File properties : web-ren.properties
	- Properties not found in web-ren.properties but found in reference file :
		dws.webform.axs.id
		dws.webform.vn.id
		dwsBaseUrl
		dws.webform.tire.id
		eshop.order.payment.default_price
		dws.webform.merch.id
		dws.webform.contact.apva.id
		dws.webform.fixedprice.id
		dws.webform.contact.vo.id
		dws.webform.contact.rpe.id
		vo.cdn.url
		gdc.portal.url
		dws.webform.contact.other.id
		dws.webform.contact.vn.id
		dws.webform.generalinfo.id
File properties : admin-valid-ren.properties
	- Properties not found in admin-valid-ren.properties but found in reference file :
		dws.webform.fixedprice.id
		dws.webform.axs.id
		dwsBaseUrl
		dws.webform.tire.id
		dws.webform.generalinfo.id
		dws.webform.merch.id
File properties : cruisecontrol.properties
------- renault-br VS. renault-fr -------
File properties : web-valid-ren.properties
	- Properties not found in web-valid-ren.properties but found in reference file :
		dws.webform.axs.id
		dws.webform.vn.id
		dwsBaseUrl
		dws.webform.tire.id
		eshop.order.payment.default_price
		dws.webform.merch.id
		dws.webform.contact.apva.id
		dws.webform.fixedprice.id
		dws.webform.contact.vo.id
		dws.webform.contact.rpe.id
		personaldata.demanderCode
		gdc.portal.url
		dws.webform.contact.other.id
		dws.webform.contact.vn.id
		dws.webform.generalinfo.id
File properties : renault-integ.properties
	- Properties not found in renault-integ.properties but found in reference file :
		esc.multimedia.deploy.path
		dws.webform.axs.id
		dwsBaseUrl
		dws.webform.tire.id
		eshop.order.payment.default_price
		dws.webform.merch.id
		dws.webform.contact.apva.id
		dws.webform.fixedprice.id
		dws.webform.contact.vo.id
		dws.webform.contact.rpe.id
		esc.multimedia.files.bo.path
		vo.cdn.url
		gdc.portal.url
		dws.webform.contact.vn.id
		esc.multimedia.files.prod.path
		esc.multimedia.publish.preprodhosts
		dws.webform.vn.id
		personaldata.demanderCode
		esc.multimedia.files.preprod.path
		dws.webform.contact.other.id
		vn.pgr.price.method.percentage
		dws.webform.generalinfo.id
		esc.multimedia.publish.prodhosts
File properties : preprod-ren.properties
	- Properties not found in preprod-ren.properties but found in reference file :
		dws.webform.axs.id
		dws.webform.vn.id
		dwsBaseUrl
		dws.webform.tire.id
		eshop.order.payment.default_price
		dws.webform.merch.id
		dws.webform.contact.apva.id
		dws.webform.fixedprice.id
		dws.webform.contact.vo.id
		dws.webform.contact.rpe.id
		vo.cdn.url
		personaldata.demanderCode
		gdc.portal.url
		dws.webform.contact.other.id
		dws.webform.contact.vn.id
		dws.webform.generalinfo.id
File properties : preprod-valid-ren.properties
	- Properties not found in preprod-valid-ren.properties but found in reference file :
		dws.webform.axs.id
		dws.webform.vn.id
		dwsBaseUrl
		dws.webform.tire.id
		eshop.order.payment.default_price
		dws.webform.merch.id
		dws.webform.contact.apva.id
		dws.webform.fixedprice.id
		dws.webform.contact.vo.id
		dws.webform.contact.rpe.id
		personaldata.demanderCode
		gdc.portal.url
		dws.webform.contact.other.id
		dws.webform.contact.vn.id
		dws.webform.generalinfo.id
File properties : renault-dev.properties
	- Properties not found in renault-dev.properties but found in reference file :
		esc.multimedia.deploy.path
		dws.webform.axs.id
		dwsBaseUrl
		dws.webform.tire.id
		eshop.order.payment.default_price
		dws.webform.merch.id
		dws.webform.contact.apva.id
		dws.webform.fixedprice.id
		dws.webform.contact.vo.id
		dws.webform.contact.rpe.id
		esc.multimedia.files.bo.path
		vo.cdn.url
		gdc.portal.url
		dws.webform.contact.vn.id
		esc.multimedia.files.prod.path
		esc.multimedia.publish.preprodhosts
		dws.webform.vn.id
		personaldata.demanderCode
		esc.multimedia.files.preprod.path
		dws.webform.contact.other.id
		vn.pgr.price.method.percentage
		dws.webform.generalinfo.id
		esc.multimedia.publish.prodhosts
File properties : jetty.properties
	- Properties not found in jetty.properties but found in reference file :
		dws.webform.axs.id
		dwsBaseUrl
		dws.webform.tire.id
		eshop.order.payment.default_price
		dws.webform.merch.id
		dws.webform.contact.apva.id
		dws.webform.contact.vo.id
		dws.webform.contact.rpe.id
		vo.cdn.url
		gdc.portal.url
		dws.webform.contact.vn.id
		topr.lvd.endpoint
		esc.myservice.revisionkeyword
		dws.webform.vn.id
		urlPreprod
		misc.bo.fileupload.path
		dws.webform.contact.other.id
		vn.pgr.price.method.percentage
		dws.webform.generalinfo.id
	File properties cognifide.properties not found.
	File properties vagrant.properties not found.
File properties : web-ren.properties
	- Properties not found in web-ren.properties but found in reference file :
		dws.webform.axs.id
		dws.webform.vn.id
		dwsBaseUrl
		dws.webform.tire.id
		eshop.order.payment.default_price
		dws.webform.merch.id
		dws.webform.contact.apva.id
		dws.webform.fixedprice.id
		dws.webform.contact.vo.id
		dws.webform.contact.rpe.id
		vo.cdn.url
		personaldata.demanderCode
		gdc.portal.url
		dws.webform.contact.other.id
		dws.webform.contact.vn.id
		dws.webform.generalinfo.id
File properties : admin-valid-ren.properties
	+ Properties found in admin-valid-ren.properties but not found in reference file :
		vo.backoffice.log.file.link
		vo.backoffice.csv.file.link
		leadforms.source.folder
	- Properties not found in admin-valid-ren.properties but found in reference file :
		dws.webform.fixedprice.id
		dws.webform.axs.id
		dwsBaseUrl
		personaldata.demanderCode
		dws.webform.tire.id
		dws.webform.generalinfo.id
		dws.webform.merch.id
File properties : cruisecontrol.properties
------- renault-dz VS. renault-fr -------
File properties : web-valid-ren.properties
File properties : renault-integ.properties
	- Properties not found in renault-integ.properties but found in reference file :
		vn.pgr.price.method.percentage
File properties : preprod-ren.properties
File properties : preprod-valid-ren.properties
File properties : renault-dev.properties
	- Properties not found in renault-dev.properties but found in reference file :
		vn.pgr.price.method.percentage
File properties : jetty.properties
	- Properties not found in jetty.properties but found in reference file :
		c2g.prodHost
		topr.lvd.endpoint
		urlPreprod
		misc.bo.fileupload.path
		vn.pgr.price.method.percentage
	File properties cognifide.properties not found.
	File properties vagrant.properties not found.
File properties : web-ren.properties
File properties : admin-valid-ren.properties
	+ Properties found in admin-valid-ren.properties but not found in reference file :
		leadforms.source.folder
File properties : cruisecontrol.properties
------- renault-hu VS. renault-fr -------
File properties : web-valid-ren.properties
	- Properties not found in web-valid-ren.properties but found in reference file :
		dws.webform.axs.id
		dws.webform.vn.id
		dwsBaseUrl
		dws.webform.tire.id
		eshop.order.payment.default_price
		dws.webform.merch.id
		dws.webform.contact.apva.id
		dws.webform.fixedprice.id
		dws.webform.contact.vo.id
		dws.webform.contact.rpe.id
		personaldata.demanderCode
		gdc.portal.url
		dws.webform.contact.other.id
		dws.webform.contact.vn.id
		dws.webform.generalinfo.id
File properties : renault-integ.properties
	- Properties not found in renault-integ.properties but found in reference file :
		esc.multimedia.deploy.path
		dws.webform.axs.id
		dwsBaseUrl
		dws.webform.tire.id
		eshop.order.payment.default_price
		dws.webform.merch.id
		dws.webform.contact.apva.id
		dws.webform.fixedprice.id
		dws.webform.contact.vo.id
		dws.webform.contact.rpe.id
		esc.multimedia.files.bo.path
		vo.cdn.url
		gdc.portal.url
		dws.webform.contact.vn.id
		esc.multimedia.files.prod.path
		esc.multimedia.publish.preprodhosts
		dws.webform.vn.id
		personaldata.demanderCode
		esc.multimedia.files.preprod.path
		dws.webform.contact.other.id
		vn.pgr.price.method.percentage
		dws.webform.generalinfo.id
		esc.multimedia.publish.prodhosts
File properties : preprod-ren.properties
	- Properties not found in preprod-ren.properties but found in reference file :
		dws.webform.axs.id
		dws.webform.vn.id
		dwsBaseUrl
		dws.webform.tire.id
		eshop.order.payment.default_price
		dws.webform.merch.id
		dws.webform.contact.apva.id
		dws.webform.fixedprice.id
		dws.webform.contact.vo.id
		dws.webform.contact.rpe.id
		vo.cdn.url
		personaldata.demanderCode
		gdc.portal.url
		dws.webform.contact.other.id
		dws.webform.contact.vn.id
		dws.webform.generalinfo.id
File properties : preprod-valid-ren.properties
	- Properties not found in preprod-valid-ren.properties but found in reference file :
		dws.webform.axs.id
		dws.webform.vn.id
		dwsBaseUrl
		dws.webform.tire.id
		eshop.order.payment.default_price
		dws.webform.merch.id
		dws.webform.contact.apva.id
		dws.webform.fixedprice.id
		dws.webform.contact.vo.id
		dws.webform.contact.rpe.id
		personaldata.demanderCode
		gdc.portal.url
		dws.webform.contact.other.id
		dws.webform.contact.vn.id
		dws.webform.generalinfo.id
File properties : renault-dev.properties
	- Properties not found in renault-dev.properties but found in reference file :
		esc.multimedia.deploy.path
		dws.webform.axs.id
		dwsBaseUrl
		dws.webform.tire.id
		eshop.order.payment.default_price
		dws.webform.merch.id
		dws.webform.contact.apva.id
		dws.webform.fixedprice.id
		dws.webform.contact.vo.id
		dws.webform.contact.rpe.id
		esc.multimedia.files.bo.path
		vo.cdn.url
		gdc.portal.url
		dws.webform.contact.vn.id
		esc.multimedia.files.prod.path
		esc.multimedia.publish.preprodhosts
		dws.webform.vn.id
		personaldata.demanderCode
		esc.multimedia.files.preprod.path
		dws.webform.contact.other.id
		vn.pgr.price.method.percentage
		dws.webform.generalinfo.id
		esc.multimedia.publish.prodhosts
File properties : jetty.properties
	- Properties not found in jetty.properties but found in reference file :
		c2g.prodHost
		dws.webform.axs.id
		dwsBaseUrl
		dws.webform.tire.id
		eshop.order.payment.default_price
		dws.webform.merch.id
		dws.webform.contact.apva.id
		dws.webform.contact.vo.id
		dws.webform.contact.rpe.id
		vo.cdn.url
		gdc.portal.url
		dws.webform.contact.vn.id
		topr.lvd.endpoint
		esc.myservice.revisionkeyword
		dws.webform.vn.id
		urlPreprod
		catalina.base
		misc.bo.fileupload.path
		dws.webform.contact.other.id
		vn.pgr.price.method.percentage
		dws.webform.generalinfo.id
	File properties cognifide.properties not found.
	File properties vagrant.properties not found.
File properties : web-ren.properties
	- Properties not found in web-ren.properties but found in reference file :
		dws.webform.axs.id
		dws.webform.vn.id
		dwsBaseUrl
		dws.webform.tire.id
		eshop.order.payment.default_price
		dws.webform.merch.id
		dws.webform.contact.apva.id
		dws.webform.fixedprice.id
		dws.webform.contact.vo.id
		dws.webform.contact.rpe.id
		vo.cdn.url
		personaldata.demanderCode
		gdc.portal.url
		dws.webform.contact.other.id
		dws.webform.contact.vn.id
		dws.webform.generalinfo.id
File properties : admin-valid-ren.properties
	- Properties not found in admin-valid-ren.properties but found in reference file :
		dws.webform.fixedprice.id
		dws.webform.axs.id
		dwsBaseUrl
		personaldata.demanderCode
		dws.webform.tire.id
		dws.webform.generalinfo.id
		dws.webform.merch.id
File properties : cruisecontrol.properties
------- renault-hr VS. renault-fr -------
File properties : web-valid-ren.properties
	- Properties not found in web-valid-ren.properties but found in reference file :
		dwsBaseUrl
		dws.webform.contact.apva.id
		dws.webform.fixedprice.id
		dws.webform.contact.vo.id
		dws.webform.contact.rpe.id
		dws.webform.contact.other.id
		dws.webform.contact.vn.id
File properties : renault-integ.properties
	- Properties not found in renault-integ.properties but found in reference file :
		dwsBaseUrl
		dws.webform.contact.apva.id
		dws.webform.fixedprice.id
		dws.webform.contact.vo.id
		dws.webform.contact.rpe.id
		dws.webform.contact.vn.id
		dws.webform.contact.other.id
File properties : preprod-ren.properties
	- Properties not found in preprod-ren.properties but found in reference file :
		dwsBaseUrl
		dws.webform.contact.apva.id
		dws.webform.fixedprice.id
		dws.webform.contact.vo.id
		dws.webform.contact.rpe.id
		dws.webform.contact.other.id
		dws.webform.contact.vn.id
File properties : preprod-valid-ren.properties
	- Properties not found in preprod-valid-ren.properties but found in reference file :
		dwsBaseUrl
		dws.webform.contact.apva.id
		dws.webform.fixedprice.id
		dws.webform.contact.vo.id
		dws.webform.contact.rpe.id
		dws.webform.contact.other.id
		dws.webform.contact.vn.id
File properties : renault-dev.properties
	- Properties not found in renault-dev.properties but found in reference file :
		dwsBaseUrl
		dws.webform.contact.apva.id
		dws.webform.fixedprice.id
		dws.webform.contact.vo.id
		dws.webform.contact.rpe.id
		dws.webform.contact.vn.id
		dws.webform.contact.other.id
File properties : jetty.properties
	- Properties not found in jetty.properties but found in reference file :
		dws.webform.axs.id
		dwsBaseUrl
		dws.webform.tire.id
		dws.webform.merch.id
		dws.webform.contact.apva.id
		dws.webform.contact.vo.id
		dws.webform.contact.rpe.id
		vo.cdn.url
		dws.webform.contact.vn.id
		topr.lvd.endpoint
		dws.webform.vn.id
		urlPreprod
		misc.bo.fileupload.path
		dws.webform.contact.other.id
		vn.pgr.price.method.percentage
		dws.webform.generalinfo.id
	File properties cognifide.properties not found.
	File properties vagrant.properties not found.
File properties : web-ren.properties
	- Properties not found in web-ren.properties but found in reference file :
		dwsBaseUrl
		dws.webform.contact.apva.id
		dws.webform.fixedprice.id
		dws.webform.contact.vo.id
		dws.webform.contact.rpe.id
		dws.webform.contact.other.id
		dws.webform.contact.vn.id
File properties : admin-valid-ren.properties
	- Properties not found in admin-valid-ren.properties but found in reference file :
		dws.webform.fixedprice.id
		dwsBaseUrl
File properties : cruisecontrol.properties

</system-out>
  </testcase>
</testsuite>